<?xml version="1.0" encoding="UTF-8"?>
<testng-results skipped="0" failed="0" ignored="0" total="1" passed="1">
  <reporter-output>
  </reporter-output>
  <suite name="Default suite" duration-ms="30737" started-at="2017-07-13T03:45:38Z" finished-at="2017-07-13T03:46:09Z">
    <groups>
    </groups>
    <test name="Default test" duration-ms="30737" started-at="2017-07-13T03:45:38Z" finished-at="2017-07-13T03:46:09Z">
      <class name="com.test.Automation.rbsAutomation.ProductAddToCart.TC02_VerifyItemsInOrderHistory">
        <test-method status="PASS" signature="setup()[pri:0, instance:com.test.Automation.rbsAutomation.ProductAddToCart.TC02_VerifyItemsInOrderHistory@3bd550]" name="setup" is-config="true" duration-ms="14980" started-at="2017-07-13T04:45:39Z" finished-at="2017-07-13T04:45:53Z">
          <reporter-output>
          </reporter-output>
        </test-method> <!-- setup -->
        <test-method status="PASS" signature="VerifyItemsInOrderHistory()[pri:0, instance:com.test.Automation.rbsAutomation.ProductAddToCart.TC02_VerifyItemsInOrderHistory@3bd550]" name="VerifyItemsInOrderHistory" duration-ms="15648" started-at="2017-07-13T04:45:54Z" finished-at="2017-07-13T04:46:09Z">
          <reporter-output>
          </reporter-output>
        </test-method> <!-- VerifyItemsInOrderHistory -->
      </class> <!-- com.test.Automation.rbsAutomation.ProductAddToCart.TC02_VerifyItemsInOrderHistory -->
    </test> <!-- Default test -->
  </suite> <!-- Default suite -->
</testng-results>
